{"name": "Test user can select radio buttons.", "status": "failed", "statusDetails": {"message": "AssertionError: Action no don't match the result Impressive\nassert 'No' == 'Impressive'\n  - Impressive\n  + No", "trace": "self = <framework.tests.elements_test.TestElements.TestRadioButton object at 0x000001C53A326250>, driver = <selenium.webdriver.chrome.webdriver.WebDriver (session=\"c0c4a9b9052553f81f48f0af49017566\")>\n\n    @allure.title('Test user can select radio buttons.')\n    def test_radio_button(self, driver):\n        \"\"\"Test user can select radio buttons.\"\"\"\n        radio_button_page = RadioButtonPage(driver, 'https://demoqa.com/radio-button')\n        radio_button_page.open()\n        actions = ['yes', 'impressive', 'no']\n        for action in actions:\n            radio_button_page.click_on_the_radio_button(action)\n            output = radio_button_page.get_radiobutton_output_result()\n>           assert action.title() == output, f'Action {action} don\\'t match the result {output}'\nE           AssertionError: Action no don't match the result Impressive\nE           assert 'No' == 'Impressive'\nE             - Impressive\nE             + No\n\nelements_test.py:91: AssertionError"}, "description": "Test user can select radio buttons.", "start": 1683966583339, "stop": 1683966588172, "uuid": "c67951d9-689d-4fec-9b9d-51f84b63cffd", "historyId": "6fc9be113f2955d2ddd10208441f9f97", "testCaseId": "6fc9be113f2955d2ddd10208441f9f97", "fullName": "elements_test.TestRadioButton#test_radio_button", "labels": [{"name": "suite", "value": "Elements tab"}, {"name": "feature", "value": "Radio Button"}, {"name": "subSuite", "value": "TestElements"}, {"name": "host", "value": "Lexx42"}, {"name": "thread", "value": "6792-MainThread"}, {"name": "framework", "value": "pytest"}, {"name": "language", "value": "cpython3"}, {"name": "package", "value": "elements_test"}]}